<funcion_principal,1,1>
<booleano,2,5>
<id,flag,2,14>
<tk_pyc,2,18>
<leer,3,5>
<tk_par_izq,3,9>
<id,flag,3,10>
<tk_par_der,3,14>
<tk_pyc,3,15>
<imprimir,4,5>
<tk_par_izq,4,13>
<id,flag,4,14>
<tk_par_der,4,18>
<tk_pyc,4,19>
<caracter,5,5>
<id,letter,5,14>
<tk_asig,5,21>
<tk_caracter,'x',5,23>
<tk_pyc,5,26>
<leer,6,5>
<tk_par_izq,6,9>
<id,letter,6,10>
<tk_par_der,6,16>
<tk_pyc,6,17>
<entero,6,18>
<id,count,6,25>
<tk_asig,6,31>
<tk_entero,7,6,33>
<tk_pyc,6,34>
<imprimir,6,35>
<tk_par_izq,6,43>
<tk_cadena,"letter ",6,45>
<tk_coma,6,54>
<id,letter,6,55>
<tk_par_der,6,61>
<tk_pyc,6,62>
<real,7,5>
<id,mean,7,10>
<tk_pyc,7,14>
<cadena,8,5>
<id,name,8,12>
<tk_asig,8,17>
<tk_cadena,"Lenguajes de programacion",8,19>
<tk_pyc,8,46>
<entero,9,5>
<id,x,9,12>
<tk_coma,9,13>
<id,y,9,14>
<tk_asig,9,15>
<tk_entero,1,9,16>
<tk_coma,9,17>
<id,z,9,18>
<tk_asig,9,19>
<tk_entero,0,9,20>
<tk_pyc,9,21>
<imprimir,10,5>
<tk_par_izq,10,13>
<tk_cadena,"letter ",10,15>
<tk_coma,10,24>
<id,letter,10,25>
<tk_coma,10,31>
<tk_cadena," operation ",10,33>
<tk_coma,10,46>
<tk_par_izq,10,48>
<tk_par_izq,10,49>
<id,x,10,50>
<tk_mas,10,52>
<id,y,10,54>
<tk_mult,10,56>
<id,z,10,58>
<tk_menos,10,60>
<tk_entero,30,10,62>
<tk_mas,10,65>
<tk_real,2.1,10,67>
<tk_punto,10,70>
<tk_entero,1,10,71>
<tk_par_der,10,72>
<tk_div,10,74>
<id,mean,10,76>
<tk_mod,10,80>
<tk_entero,3,10,81>
<tk_par_der,10,82>
<tk_par_der,10,83>
<tk_pyc,10,84>
<leer,11,5>
<tk_par_izq,11,9>
<id,x,11,10>
<tk_par_der,11,11>
<tk_pyc,11,12>
<leer,11,13>
<tk_par_izq,11,17>
<id,y,11,18>
<tk_par_der,11,19>
<tk_pyc,11,20>
<leer,11,21>
<tk_par_izq,11,25>
<id,z,11,26>
<tk_par_der,11,27>
<tk_pyc,11,28>
<imprimir,12,5>
<tk_par_izq,12,13>
<tk_cadena,"",12,14>
<tk_par_der,12,16>
<tk_pyc,12,17>
<fin_principal,13,1>
