<funcion_principal,1,1>
<entero,3,5>
<id,n,3,12>
<tk_pyc,3,14>
<leer,4,5>
<tk_par_izq,4,9>
<id,n,4,11>
<tk_par_der,4,13>
<tk_pyc,4,14>
<entero,6,5>
<id,res,6,12>
<tk_asig,6,16>
<tk_entero,1,6,18>
<tk_pyc,6,19>
<para,7,5>
<tk_par_izq,7,10>
<entero,7,12>
<id,i,7,19>
<tk_asig,7,20>
<tk_entero,1,7,21>
<tk_pyc,7,23>
<id,i,7,25>
<tk_menor_igual,7,26>
<id,n,7,28>
<tk_pyc,7,30>
<tk_entero,1,7,32>
<tk_par_der,7,34>
<hacer,7,36>
<id,res,9,5>
<tk_asig,9,9>
<id,res,9,11>
<tk_mult,9,15>
<id,i,9,17>
<tk_pyc,9,18>
<fin_para,10,5>
<imprimir,12,5>
<tk_par_izq,12,13>
<tk_cadena,"el factorial es  ",12,14>
<tk_coma,12,34>
<id,res,12,36>
<tk_par_der,12,39>
<tk_pyc,12,40>
<fin_principal,14,1>
