<funcion_principal,1,1>
<entero,2,5>
<id,a,2,12>
<tk_asig,2,14>
<tk_entero,3,2,16>
<tk_pyc,2,17>
<entero,3,5>
<id,p,3,12>
<tk_asig,3,14>
<tk_entero,2,3,16>
<tk_pyc,3,17>
<entero,4,5>
<id,j,4,12>
<tk_asig,4,14>
<tk_entero,2,4,16>
<tk_pyc,4,17>
<para,5,5>
<tk_par_izq,5,10>
<entero,5,12>
<id,i,5,19>
<tk_asig,5,21>
<tk_entero,0,5,23>
<tk_pyc,5,25>
<id,i,5,27>
<tk_menor,5,29>
<id,a,5,31>
<tk_pyc,5,33>
<tk_entero,1,5,35>
<tk_par_der,5,37>
<hacer,5,39>
<imprimir,6,9>
<tk_par_izq,6,17>
<id,i,6,18>
<tk_par_der,6,19>
<tk_pyc,6,20>
<fin_para,7,5>
<para,9,5>
<tk_par_izq,9,10>
<id,j,9,12>
<tk_asig,9,14>
<tk_entero,0,9,16>
<tk_pyc,9,18>
<id,i,9,20>
<tk_menor,9,22>
<id,a,9,24>
<tk_o,9,26>
<id,j,9,29>
<tk_menor,9,32>
<tk_entero,100,9,34>
<tk_pyc,9,39>
<id,p,9,41>
<tk_par_der,9,43>
<hacer,9,45>
<imprimir,10,9>
<tk_par_izq,10,17>
<id,j,10,18>
<tk_par_der,10,19>
<tk_pyc,10,20>
<fin_para,11,5>
<fin_principal,12,1>
