<estructura,4,1>
<id,Fecha,4,12>
<entero,5,5>
<id,dd,5,12>
<tk_pyc,5,14>
<entero,6,5>
<id,mm,6,12>
<tk_pyc,6,14>
<entero,7,5>
<id,aa,7,12>
<tk_pyc,7,14>
<fin_estructura,8,1>
<estructura,10,1>
<id,Estudiante,10,12>
<cadena,11,5>
<id,cedula,11,12>
<tk_pyc,11,18>
<cadena,12,5>
<id,nombre,12,12>
<tk_pyc,12,18>
<entero,13,5>
<id,edad,13,12>
<tk_pyc,13,16>
<real,14,5>
<id,definitiva,14,10>
<tk_pyc,14,20>
<id,Fecha,15,5>
<id,fingreso,15,11>
<tk_pyc,15,19>
<fin_estructura,16,1>
<funcion_principal,18,1>
<id,Estudiante,19,5>
<id,estudiante,19,16>
<tk_pyc,19,26>
<entero,20,5>
<id,opcion,20,12>
<tk_pyc,20,18>
<hacer,22,5>
<id,opcion,23,9>
<tk_asig,23,16>
<id,menu,23,18>
<tk_par_izq,23,22>
<tk_par_der,23,23>
<tk_pyc,23,24>
<seleccionar,24,9>
<tk_par_izq,24,21>
<id,opcion,24,23>
<tk_par_der,24,30>
<entre,24,32>
<caso,25,12>
<tk_entero,1,25,17>
<tk_dosp,25,19>
<id,estudiante,25,21>
<tk_asig,25,32>
<id,capturar,25,34>
<tk_par_izq,25,42>
<id,estudiante,25,43>
<tk_par_der,25,53>
<tk_pyc,25,54>
<romper,26,21>
<tk_pyc,26,27>
<caso,27,12>
<tk_entero,2,27,17>
<tk_dosp,27,19>
<id,mostrar,27,21>
<tk_par_izq,27,28>
<id,estudiante,27,29>
<tk_par_der,27,39>
<tk_pyc,27,40>
<romper,28,21>
<tk_pyc,28,27>
<caso,29,12>
<tk_entero,3,29,17>
<tk_dosp,29,19>
<romper,29,21>
<tk_pyc,29,27>
<defecto,30,12>
<tk_dosp,30,20>
<imprimir,30,21>
<tk_par_izq,30,29>
<tk_cadena,"Digite una opcion entre 1 y 3 ",30,30>
<tk_par_der,30,62>
<tk_pyc,30,63>
<romper,31,21>
<tk_pyc,31,27>
<fin_seleccionar,32,8>
<mientras,33,5>
<tk_par_izq,33,14>
<id,opcion,33,16>
<tk_dif,33,23>
<tk_entero,3,33,26>
<tk_par_der,33,27>
<tk_pyc,33,29>
<fin_principal,34,1>
<funcion,36,1>
<entero,36,9>
<id,menu,36,16>
<tk_par_izq,36,20>
<tk_par_der,36,21>
<hacer,36,23>
<entero,37,5>
<id,opcion,37,12>
<tk_pyc,37,18>
<imprimir,38,5>
<tk_par_izq,38,13>
<tk_cadena,"menu de estructuras ",38,14>
<tk_par_der,38,36>
<tk_pyc,38,37>
<imprimir,39,5>
<tk_par_izq,39,13>
<tk_cadena,"1  Capturar el registro ",39,14>
<tk_par_der,39,40>
<tk_pyc,39,41>
<imprimir,40,5>
<tk_par_izq,40,13>
<tk_cadena," 2 Imprimir el registro ",40,14>
<tk_par_der,40,40>
<tk_pyc,40,41>
<imprimir,41,5>
<tk_par_izq,41,13>
<tk_cadena," 3  Salir ",41,14>
<tk_par_der,41,26>
<tk_pyc,41,27>
<imprimir,42,5>
<tk_par_izq,42,13>
<tk_cadena," digite su opcion entre 1 y 3  ",42,14>
<tk_par_der,42,47>
<tk_pyc,42,48>
<leer,43,5>
<tk_par_izq,43,10>
<id,opcion,43,11>
<tk_par_der,43,17>
<tk_pyc,43,18>
<retornar,44,5>
<id,opcion,44,14>
<tk_pyc,44,20>
<fin_funcion,45,1>
<funcion,47,1>
<id,Estudiante,47,9>
<id,capturar,47,20>
<tk_par_izq,47,28>
<id,Estudiante,47,29>
<id,estudiante,47,40>
<tk_par_der,47,50>
<hacer,47,52>
<entero,48,3>
<id,i,48,10>
<tk_pyc,48,11>
<real,49,3>
<id,def,49,8>
<tk_asig,49,12>
<tk_real,0.0,49,14>
<tk_pyc,49,17>
<imprimir,50,3>
<tk_par_izq,50,11>
<tk_cadena,"digite la cedula del estudiante  ",50,12>
<tk_par_der,50,47>
<tk_pyc,50,48>
<leer,51,3>
<tk_par_izq,51,7>
<id,estudiante,51,8>
<tk_punto,51,18>
<id,cedula,51,19>
<tk_par_der,51,25>
<tk_pyc,51,26>
<imprimir,52,3>
<tk_par_izq,52,11>
<tk_cadena,"digite el nombre del estudiante ",52,12>
<tk_par_der,52,46>
<tk_pyc,52,47>
<leer,53,3>
<tk_par_izq,53,7>
<id,estudiante,53,8>
<tk_punto,53,18>
<id,nombre,53,19>
<tk_par_der,53,25>
<tk_pyc,53,26>
<para,55,3>
<tk_par_izq,55,7>
<id,i,55,8>
<tk_asig,55,9>
<tk_entero,0,55,10>
<tk_pyc,55,11>
<id,i,55,13>
<tk_menor,55,14>
<tk_entero,3,55,15>
<tk_pyc,55,16>
<tk_entero,1,55,18>
<tk_par_der,55,19>
<hacer,55,21>
<imprimir,56,5>
<tk_par_izq,56,14>
<tk_cadena,"digite la nota ",56,15>
<tk_coma,56,32>
<id,i,56,33>
<tk_mas,56,34>
<tk_entero,1,56,35>
<tk_coma,56,36>
<tk_cadena," del estudiante",56,38>
<tk_par_der,56,55>
<tk_pyc,56,56>
<leer,57,5>
<tk_par_izq,57,9>
<id,estudiante,57,10>
<tk_punto,57,20>
<id,nota,57,21>
<tk_par_der,57,25>
<tk_pyc,57,26>
<id,def,58,5>
<tk_asig,58,9>
<id,def,58,11>
<tk_mas,58,15>
<id,estudiante,58,17>
<tk_punto,58,27>
<id,nota,58,28>
<tk_pyc,58,32>
<fin_para,59,3>
<imprimir,61,3>
<tk_par_izq,61,11>
<tk_cadena,"digite la edad del estudiante ",61,12>
<tk_par_der,61,44>
<tk_pyc,61,45>
<leer,62,3>
<tk_par_izq,62,7>
<id,estudiante,62,8>
<tk_punto,62,18>
<id,edad,62,19>
<tk_par_der,62,23>
<tk_pyc,62,24>
<id,estudiante,63,3>
<tk_punto,63,13>
<id,definitiva,63,14>
<tk_asig,63,25>
<id,def,63,27>
<tk_div,63,31>
<tk_entero,3,63,33>
<tk_pyc,63,34>
<imprimir,65,3>
<tk_par_izq,65,11>
<tk_cadena,"digite el dia de ingreso a la Universidad ",65,12>
<tk_par_der,65,56>
<tk_pyc,65,57>
<leer,66,3>
<tk_par_izq,66,7>
<id,estudiante,66,8>
<tk_punto,66,18>
<id,fingreso,66,19>
<tk_punto,66,27>
<id,dd,66,28>
<tk_par_der,66,30>
<tk_pyc,66,31>
<imprimir,67,3>
<tk_par_izq,67,11>
<tk_cadena,"digite el mes de ingreso a la Universidad  ",67,12>
<tk_par_der,67,57>
<tk_pyc,67,58>
<leer,68,3>
<tk_par_izq,68,7>
<id,estudiante,68,8>
<tk_punto,68,18>
<id,fingreso,68,19>
<tk_punto,68,27>
<id,mm,68,28>
<tk_par_der,68,30>
<imprimir,69,3>
<tk_par_izq,69,11>
<tk_cadena,"digite el ako de ingreso a la Universidad  ",69,12>
<tk_par_der,69,57>
<tk_pyc,69,58>
<leer,70,3>
<tk_par_izq,70,7>
<id,estudiante,70,8>
<tk_punto,70,18>
<id,fingreso,70,19>
<tk_punto,70,27>
<id,aa,70,28>
<tk_par_der,70,30>
<tk_pyc,70,31>
<retornar,71,3>
<id,estudiante,71,12>
<tk_pyc,71,22>
<fin_funcion,72,1>
<funcion,74,1>
<id,mostrar,74,9>
<tk_par_izq,74,16>
<id,Estudiante,74,17>
<id,estudiante,74,28>
<tk_par_der,74,38>
<hacer,74,40>
<entero,75,3>
<id,i,75,10>
<tk_pyc,75,11>
<imprimir,76,3>
<tk_par_izq,76,11>
<tk_cadena,"",76,12>
<tk_par_der,76,14>
<tk_pyc,76,15>
<imprimir,77,3>
<tk_par_izq,77,11>
<tk_cadena,"Cedula  ",77,12>
<tk_coma,77,22>
<id,estudiante,77,24>
<tk_punto,77,34>
<id,cedula,77,35>
<tk_par_der,77,41>
<tk_pyc,77,42>
<imprimir,78,3>
<tk_par_izq,78,11>
<tk_cadena,"Nombre  ",78,12>
<tk_coma,78,22>
<id,estudiante,78,24>
<tk_punto,78,34>
<id,nombre,78,35>
<tk_coma,78,41>
<tk_cadena,"",78,42>
<tk_par_der,78,44>
<tk_pyc,78,45>
<para,79,3>
<tk_par_izq,79,8>
<id,i,79,9>
<tk_asig,79,10>
<tk_entero,0,79,11>
<tk_pyc,79,12>
<id,i,79,14>
<tk_menor,79,15>
<tk_entero,3,79,16>
<tk_pyc,79,17>
<tk_entero,1,79,19>
<tk_par_der,79,20>
<hacer,79,22>
<imprimir,80,5>
<tk_par_izq,80,13>
<tk_cadena,"Nota ",80,14>
<tk_coma,80,21>
<id,estudiante,80,22>
<tk_punto,80,32>
<id,nota,80,33>
<tk_coma,80,37>
<tk_cadena," ",80,39>
<tk_par_der,80,42>
<tk_pyc,80,43>
<fin_para,81,3>
<imprimir,82,3>
<tk_par_izq,82,11>
<tk_cadena,"Edad  ",82,12>
<tk_coma,82,20>
<id,estudiante,82,21>
<tk_punto,82,31>
<id,edad,82,32>
<tk_par_der,82,36>
<tk_pyc,82,37>
<imprimir,83,3>
<tk_par_izq,83,11>
<tk_cadena,"Definitiva  ",83,12>
<tk_coma,83,26>
<id,estudiante,83,27>
<tk_punto,83,37>
<id,definitiva,83,38>
<tk_par_der,83,48>
<tk_pyc,83,49>
<imprimir,84,3>
<tk_par_izq,84,11>
<tk_cadena,"Fecha de Ingreso ddmmaaaa  ",84,12>
<tk_coma,84,41>
<id,estudiante,84,42>
<tk_punto,84,52>
<id,fingreso,84,53>
<tk_punto,84,61>
<id,dd,84,62>
<tk_coma,84,64>
<id,estudiante,84,65>
<tk_punto,84,75>
<id,fingreso,84,76>
<tk_punto,84,84>
<id,mm,84,85>
<tk_coma,84,87>
<id,estudiante,84,88>
<tk_punto,84,98>
<id,fingreso,84,99>
<tk_punto,84,107>
<id,aa,84,108>
<tk_par_der,84,110>
<tk_pyc,84,111>
<fin_funcion,85,1>
