<funcion_principal,4,1>
<entero,5,5>
<id,m,5,12>
<tk_coma,5,13>
<id,amigo1,5,14>
<tk_coma,5,20>
<id,amigo2,5,21>
<tk_coma,5,27>
<id,suma_divisores_amigo1,5,28>
<tk_coma,5,49>
<id,suma_divisores_amigo2,5,50>
<tk_pyc,5,71>
<imprimir,6,5>
<tk_par_izq,6,13>
<tk_cadena,"Digite el numero hasta donde desea conocer las parejas de numeros amigos ",6,14>
<tk_par_der,6,89>
<tk_pyc,6,90>
<leer,7,5>
<tk_par_izq,7,9>
<id,m,7,10>
<tk_par_der,7,11>
<tk_pyc,7,12>
<para,9,5>
<tk_par_izq,9,10>
<id,amigo1,9,11>
<tk_asig,9,17>
<tk_entero,2,9,18>
<tk_pyc,9,19>
<id,amigo1,9,21>
<tk_menor,9,27>
<id,m,9,28>
<tk_pyc,9,29>
<tk_entero,1,9,31>
<tk_par_der,9,32>
<hacer,9,34>
<id,suma_divisores_amigo1,10,8>
<tk_asig,10,30>
<id,amigo,10,32>
<tk_par_izq,10,37>
<id,amigo1,10,38>
<tk_par_der,10,44>
<tk_pyc,10,45>
<para,11,8>
<tk_par_izq,11,12>
<id,amigo2,11,13>
<tk_asig,11,20>
<id,amigo1,11,22>
<tk_mas,11,28>
<tk_entero,1,11,29>
<tk_pyc,11,30>
<id,amigo2,11,32>
<tk_menor_igual,11,38>
<id,m,11,40>
<tk_pyc,11,41>
<tk_entero,1,11,43>
<tk_par_der,11,44>
<hacer,11,46>
<id,suma_divisores_amigo2,12,12>
<tk_asig,12,34>
<id,amigo,12,36>
<tk_par_izq,12,41>
<id,amigo2,12,42>
<tk_par_der,12,48>
<tk_pyc,12,49>
<si,13,12>
<tk_par_izq,13,14>
<tk_par_izq,13,15>
<id,suma_divisores_amigo1,13,16>
<tk_igual,13,38>
<id,amigo2,13,41>
<tk_par_der,13,47>
<tk_y,13,49>
<tk_par_izq,13,52>
<id,suma_divisores_amigo2,13,53>
<tk_igual,13,75>
<id,amigo1,13,78>
<tk_par_der,13,84>
<tk_par_der,13,85>
<entonces,13,87>
<imprimir,14,15>
<tk_par_izq,14,23>
<id,amigo1,14,24>
<tk_coma,14,30>
<tk_cadena,"  ",14,31>
<tk_coma,14,35>
<id,amigo2,14,36>
<tk_coma,14,42>
<tk_cadena," son amigos",14,43>
<tk_par_der,14,56>
<tk_pyc,14,57>
<fin_si,15,12>
<fin_para,16,8>
<fin_para,17,5>
<fin_principal,18,1>
<funcion,20,1>
<entero,20,9>
<id,amigo,20,16>
<tk_par_izq,20,21>
<entero,20,22>
<id,numero,20,29>
<tk_par_der,20,35>
<hacer,20,37>
<entero,21,3>
<id,divisor,21,10>
<tk_coma,21,17>
<id,suma_divisores,21,19>
<tk_asig,21,34>
<tk_entero,0,21,36>
<tk_pyc,21,37>
<para,23,3>
<tk_par_izq,23,8>
<id,divisor,23,9>
<tk_asig,23,16>
<tk_entero,1,23,17>
<tk_pyc,23,18>
<id,divisor,23,20>
<tk_menor,23,27>
<id,numero,23,28>
<tk_pyc,23,34>
<tk_entero,1,23,36>
<tk_par_der,23,37>
<hacer,23,39>
<si,24,7>
<tk_par_izq,24,10>
<id,numero,24,11>
<tk_mod,24,18>
<id,divisor,24,20>
<tk_igual,24,28>
<tk_entero,0,24,31>
<tk_par_der,24,32>
<entonces,24,34>
<id,suma_divisores,25,10>
<tk_asig,25,25>
<id,suma_divisores,25,27>
<tk_mas,25,42>
<id,divisor,25,44>
<tk_pyc,25,51>
<fin_si,26,7>
<fin_para,27,3>
<retornar,28,3>
<id,suma_divisores,28,12>
<tk_pyc,28,26>
<fin_funcion,29,1>
